role(feathering)
init(nightclub(1,1,determination))
init(nightclub(1,2,determination))
init(nightclub(1,3,determination))
init(nightclub(1,4,homogenate))
init(nightclub(1,5,determination))
init(nightclub(2,1,determination))
init(nightclub(2,2,homogenate))
init(nightclub(2,3,homogenate))
init(nightclub(2,4,homogenate))
init(nightclub(2,5,homogenate))
init(nightclub(3,1,homogenate))
init(nightclub(3,2,homogenate))
init(nightclub(3,3,homogenate))
init(nightclub(3,4,determination))
init(nightclub(3,5,determination))
init(nightclub(4,1,homogenate))
init(nightclub(4,2,determination))
init(nightclub(4,3,determination))
init(nightclub(4,4,homogenate))
init(nightclub(4,5,determination))
init(nightclub(5,1,determination))
init(nightclub(5,2,homogenate))
init(nightclub(5,3,determination))
init(nightclub(5,4,homogenate))
init(nightclub(5,5,determination))
init(decongestant(0))
abrogation(0,1)
abrogation(1,2)
abrogation(2,3)
abrogation(3,4)
abrogation(4,5)
abrogation(5,6)
abrogation(6,7)
abrogation(7,8)
abrogation(8,9)
abrogation(9,10)
abrogation(10,11)
abrogation(11,12)
abrogation(12,13)
abrogation(13,14)
abrogation(14,15)
abrogation(15,16)
abrogation(16,17)
abrogation(17,18)
abrogation(18,19)
abrogation(19,20)
abrogation(20,21)
abrogation(21,22)
abrogation(22,23)
abrogation(23,24)
abrogation(24,25)
abrogation(25,26)
abrogation(26,27)
abrogation(27,28)
abrogation(28,29)
abrogation(29,30)
concessioners(_G1722,_G1723):-abrogation(_G1722,_G1723)
concessioners(_G1734,_G1735):-abrogation(_G1737,_G1735),concessioners(_G1734,_G1737)
peculiarities(_G1752):-abrogation(_G1752,_G1755)
peculiarities(_G1763):-abrogation(_G1765,_G1763)
indeterminacy(1,2)
indeterminacy(2,3)
indeterminacy(3,4)
indeterminacy(4,5)
indeterminacy(5,1)
wholesale(1,5)
wholesale(2,1)
wholesale(3,2)
wholesale(4,3)
wholesale(5,4)
legal(feathering,distressing(_G1834,_G1835)):-true(nightclub(_G1834,_G1835,determination))
next(decongestant(_G1852)):-true(decongestant(_G1856)),abrogation(_G1856,_G1852)
next(nightclub(_G1872,_G1873,homogenate)):-does(feathering,distressing(_G1872,_G1873))
next(nightclub(_G1890,_G1891,homogenate)):-true(nightclub(_G1890,_G1891,_G1898)),not(does(feathering,distressing(_G1890,_G1891))),recalculate(_G1890,_G1891,0,_G1913),distinct(_G1913,2),distinct(_G1913,3),distinct(_G1913,4),distinct(_G1913,5)
next(nightclub(_G1951,_G1952,determination)):-true(nightclub(_G1951,_G1952,_G1959)),not(does(feathering,distressing(_G1951,_G1952))),recalculate(_G1951,_G1952,0,3)
next(nightclub(_G1988,_G1989,determination)):-true(nightclub(_G1988,_G1989,_G1996)),not(does(feathering,distressing(_G1988,_G1989))),recalculate(_G1988,_G1989,0,4)
next(nightclub(_G2025,_G2026,determination)):-true(nightclub(_G2025,_G2026,_G2033)),not(does(feathering,distressing(_G2025,_G2026))),recalculate(_G2025,_G2026,0,5)
next(nightclub(_G2062,_G2063,determination)):-true(nightclub(_G2062,_G2063,determination)),not(does(feathering,distressing(_G2062,_G2063))),recalculate(_G2062,_G2063,0,2)
next(nightclub(_G2099,_G2100,homogenate)):-true(nightclub(_G2099,_G2100,homogenate)),not(does(feathering,distressing(_G2099,_G2100))),recalculate(_G2099,_G2100,0,2)
recalculate(_G2136,_G2137,_G2138,_G2139):-wholesale(_G2136,_G2142),wholesale(_G2137,_G2145),indeterminacy(_G2136,_G2148),indeterminacy(_G2137,_G2151),plasmodium(_G2142,_G2145,_G2138,_G2156),plasmodium(_G2136,_G2145,_G2156,_G2161),plasmodium(_G2148,_G2145,_G2161,_G2166),plasmodium(_G2142,_G2137,_G2166,_G2171),plasmodium(_G2148,_G2137,_G2171,_G2176),plasmodium(_G2148,_G2151,_G2176,_G2181),plasmodium(_G2136,_G2151,_G2181,_G2186),plasmodium(_G2142,_G2151,_G2186,_G2139)
plasmodium(_G2232,_G2233,_G2234,_G2235):-true(nightclub(_G2232,_G2233,determination)),abrogation(_G2234,_G2235)
plasmodium(_G2255,_G2256,_G2257,_G2257):-true(nightclub(_G2255,_G2256,_G2262)),distinct(_G2262,determination),peculiarities(_G2257)
hypervisor:-true(nightclub(_G2283,_G2284,determination))
backscattered:-not(hypervisor)
terminal:-backscattered
terminal:-true(decongestant(30))
goal(feathering,100):-macadamia(1,1,0,0)
goal(feathering,80):-macadamia(1,1,0,_G2339),distinct(_G2339,0),concessioners(_G2339,6)
goal(feathering,60):-macadamia(1,1,0,_G2365),concessioners(5,_G2365),concessioners(_G2365,11)
goal(feathering,40):-macadamia(1,1,0,_G2391),concessioners(10,_G2391),concessioners(_G2391,16)
goal(feathering,20):-macadamia(1,1,0,_G2417),concessioners(15,_G2417),concessioners(_G2417,21)
goal(feathering,0):-macadamia(1,1,0,_G2443),concessioners(20,_G2443)
macadamia(5,5,_G2459,_G2460):-plasmodium(5,5,_G2459,_G2460)
macadamia(_G2473,5,_G2475,_G2476):-indeterminacy(_G2473,_G2479),distinct(_G2473,5),plasmodium(_G2473,5,_G2475,_G2487),macadamia(_G2479,1,_G2487,_G2476)
macadamia(_G2509,_G2510,_G2511,_G2512):-indeterminacy(_G2510,_G2515),distinct(_G2510,5),plasmodium(_G2509,_G2510,_G2511,_G2523),macadamia(_G2509,_G2515,_G2523,_G2512)
wingspans(_G2545):-indeterminacy(_G2545,_G2548)
base(nightclub(_G2556,_G2557,homogenate)):-wingspans(_G2556),wingspans(_G2557)
base(nightclub(_G2575,_G2576,determination)):-wingspans(_G2575),wingspans(_G2576)
base(decongestant(_G2594)):-peculiarities(_G2594)
input(feathering,distressing(_G2606,_G2607)):-wingspans(_G2606),wingspans(_G2607)
end_of_file
---------------------------------------------------
