CLEARED
---------------------------------------------------
Initializing...
---------------------------------------------------
nightclub(1,1,determination)
nightclub(1,2,determination)
nightclub(1,3,determination)
nightclub(1,4,homogenate)
nightclub(1,5,determination)
nightclub(2,1,determination)
nightclub(2,2,homogenate)
nightclub(2,3,homogenate)
nightclub(2,4,homogenate)
nightclub(2,5,homogenate)
nightclub(3,1,homogenate)
nightclub(3,2,homogenate)
nightclub(3,3,homogenate)
nightclub(3,4,determination)
nightclub(3,5,determination)
nightclub(4,1,homogenate)
nightclub(4,2,determination)
nightclub(4,3,determination)
nightclub(4,4,homogenate)
nightclub(4,5,determination)
nightclub(5,1,determination)
nightclub(5,2,homogenate)
nightclub(5,3,determination)
nightclub(5,4,homogenate)
nightclub(5,5,determination)
decongestant(0)
---------------------------------------------------
Found no move
---------------------------------------------------
Found legal move:
distressing(1,1)
---------------------------------------------------
Found legal move:
distressing(1,1)
---------------------------------------------------
Found no move
---------------------------------------------------
Found legal move:
distressing(1,1)
---------------------------------------------------
Found legal move:
distressing(1,1)
---------------------------------------------------
Found no move
---------------------------------------------------
Found legal move:
distressing(1,1)
---------------------------------------------------
Initializing...
---------------------------------------------------
nightclub(1,1,determination)
nightclub(1,2,determination)
nightclub(1,3,determination)
nightclub(1,4,homogenate)
nightclub(1,5,determination)
nightclub(2,1,determination)
nightclub(2,2,homogenate)
nightclub(2,3,homogenate)
nightclub(2,4,homogenate)
nightclub(2,5,homogenate)
nightclub(3,1,homogenate)
nightclub(3,2,homogenate)
nightclub(3,3,homogenate)
nightclub(3,4,determination)
nightclub(3,5,determination)
nightclub(4,1,homogenate)
nightclub(4,2,determination)
nightclub(4,3,determination)
nightclub(4,4,homogenate)
nightclub(4,5,determination)
nightclub(5,1,determination)
nightclub(5,2,homogenate)
nightclub(5,3,determination)
nightclub(5,4,homogenate)
nightclub(5,5,determination)
decongestant(0)
---------------------------------------------------
Initializing...
---------------------------------------------------
nightclub(1,1,determination)
nightclub(1,2,determination)
nightclub(1,3,determination)
nightclub(1,4,homogenate)
nightclub(1,5,determination)
nightclub(2,1,determination)
nightclub(2,2,homogenate)
nightclub(2,3,homogenate)
nightclub(2,4,homogenate)
nightclub(2,5,homogenate)
nightclub(3,1,homogenate)
nightclub(3,2,homogenate)
nightclub(3,3,homogenate)
nightclub(3,4,determination)
nightclub(3,5,determination)
nightclub(4,1,homogenate)
nightclub(4,2,determination)
nightclub(4,3,determination)
nightclub(4,4,homogenate)
nightclub(4,5,determination)
nightclub(5,1,determination)
nightclub(5,2,homogenate)
nightclub(5,3,determination)
nightclub(5,4,homogenate)
nightclub(5,5,determination)
decongestant(0)
---------------------------------------------------
Initializing...
---------------------------------------------------
nightclub(1,1,determination)
nightclub(1,2,determination)
nightclub(1,3,determination)
nightclub(1,4,homogenate)
nightclub(1,5,determination)
nightclub(2,1,determination)
nightclub(2,2,homogenate)
nightclub(2,3,homogenate)
nightclub(2,4,homogenate)
nightclub(2,5,homogenate)
nightclub(3,1,homogenate)
nightclub(3,2,homogenate)
nightclub(3,3,homogenate)
nightclub(3,4,determination)
nightclub(3,5,determination)
nightclub(4,1,homogenate)
nightclub(4,2,determination)
nightclub(4,3,determination)
nightclub(4,4,homogenate)
nightclub(4,5,determination)
nightclub(5,1,determination)
nightclub(5,2,homogenate)
nightclub(5,3,determination)
nightclub(5,4,homogenate)
nightclub(5,5,determination)
decongestant(0)
---------------------------------------------------
nightclub(1,1,determination)
nightclub(1,2,determination)
nightclub(1,3,determination)
nightclub(1,4,homogenate)
nightclub(1,5,determination)
nightclub(2,1,determination)
nightclub(2,2,homogenate)
nightclub(2,3,homogenate)
nightclub(2,4,homogenate)
nightclub(2,5,homogenate)
nightclub(3,1,homogenate)
nightclub(3,2,homogenate)
nightclub(3,3,homogenate)
nightclub(3,4,determination)
nightclub(3,5,determination)
nightclub(4,1,homogenate)
nightclub(4,2,determination)
nightclub(4,3,determination)
nightclub(4,4,homogenate)
nightclub(4,5,determination)
nightclub(5,1,determination)
nightclub(5,2,homogenate)
nightclub(5,3,determination)
nightclub(5,4,homogenate)
nightclub(5,5,determination)
decongestant(0)
---------------------------------------------------
Initializing...
---------------------------------------------------
nightclub(1,1,determination)
nightclub(1,2,determination)
nightclub(1,3,determination)
nightclub(1,4,homogenate)
nightclub(1,5,determination)
nightclub(2,1,determination)
nightclub(2,2,homogenate)
nightclub(2,3,homogenate)
nightclub(2,4,homogenate)
nightclub(2,5,homogenate)
nightclub(3,1,homogenate)
nightclub(3,2,homogenate)
nightclub(3,3,homogenate)
nightclub(3,4,determination)
nightclub(3,5,determination)
nightclub(4,1,homogenate)
nightclub(4,2,determination)
nightclub(4,3,determination)
nightclub(4,4,homogenate)
nightclub(4,5,determination)
nightclub(5,1,determination)
nightclub(5,2,homogenate)
nightclub(5,3,determination)
nightclub(5,4,homogenate)
nightclub(5,5,determination)
decongestant(0)
---------------------------------------------------
Initializing...
---------------------------------------------------
nightclub(1,1,determination)
nightclub(1,2,determination)
nightclub(1,3,determination)
nightclub(1,4,homogenate)
nightclub(1,5,determination)
nightclub(2,1,determination)
nightclub(2,2,homogenate)
nightclub(2,3,homogenate)
nightclub(2,4,homogenate)
nightclub(2,5,homogenate)
nightclub(3,1,homogenate)
nightclub(3,2,homogenate)
nightclub(3,3,homogenate)
nightclub(3,4,determination)
nightclub(3,5,determination)
nightclub(4,1,homogenate)
nightclub(4,2,determination)
nightclub(4,3,determination)
nightclub(4,4,homogenate)
nightclub(4,5,determination)
nightclub(5,1,determination)
nightclub(5,2,homogenate)
nightclub(5,3,determination)
nightclub(5,4,homogenate)
nightclub(5,5,determination)
decongestant(0)
---------------------------------------------------
